-------------------------------------------------------------------------------
Test set: com.example.jms_demo_2.JmsDemo2ApplicationTests
-------------------------------------------------------------------------------
Tests run: 1, Failures: 0, Errors: 1, Skipped: 0, Time elapsed: 0.361 s <<< FAILURE! - in com.example.jms_demo_2.JmsDemo2ApplicationTests
com.example.jms_demo_2.JmsDemo2ApplicationTests  Time elapsed: 0.361 s  <<< ERROR!
java.lang.IllegalStateException: Unable to find a @SpringBootConfiguration, you need to use @ContextConfiguration or @SpringBootTest(classes=...) with your test

