-------------------------------------------------------------------------------
Test set: com.example.jms_demo_2.activeMQ.ProducerTest
-------------------------------------------------------------------------------
Tests run: 1, Failures: 0, Errors: 1, Skipped: 0, Time elapsed: 0.007 s <<< FAILURE! - in com.example.jms_demo_2.activeMQ.ProducerTest
com.example.jms_demo_2.activeMQ.ProducerTest  Time elapsed: 0.005 s  <<< ERROR!
java.lang.NoClassDefFoundError: Lcom/example/jms_demo_2/activeMQ/Producer;
Caused by: java.lang.ClassNotFoundException: com.example.jms_demo_2.activeMQ.Producer

