<?xml version="1.0" encoding="UTF-8"?>
<testsuite xmlns:xsi="http://www.w3.org/2001/XMLSchema-instance" xsi:noNamespaceSchemaLocation="https://maven.apache.org/surefire/maven-surefire-plugin/xsd/surefire-test-report.xsd" name="com.example.jms_demo_2.JmsDemo2ApplicationTests" time="0.361" tests="1" errors="1" skipped="0" failures="0">
  <properties>
[...]
</properties>
  <testcase name="com.example.jms_demo_2.JmsDemo2ApplicationTests" classname="com.example.jms_demo_2.JmsDemo2ApplicationTests" time="0.361">
    <error message="Unable to find a @SpringBootConfiguration, you need to use @ContextConfiguration or @SpringBootTest(classes=...) with your test" type="java.lang.IllegalStateException">java.lang.IllegalStateException: Unable to find a @SpringBootConfiguration, you need to use @ContextConfiguration or @SpringBootTest(classes=...) with your test
</error>
    <system-out><![CDATA[00:10:41.142 [main] DEBUG org.springframework.test.context.BootstrapUtils - Instantiating CacheAwareContextLoaderDelegate from class [org.springframework.test.context.cache.DefaultCacheAwareContextLoaderDelegate]
00:10:41.156 [main] DEBUG org.springframework.test.context.BootstrapUtils - Instantiating BootstrapContext using constructor [public org.springframework.test.context.support.DefaultBootstrapContext(java.lang.Class,org.springframework.test.context.CacheAwareContextLoaderDelegate)]
00:10:41.209 [main] DEBUG org.springframework.test.context.BootstrapUtils - Instantiating TestContextBootstrapper for test class [com.example.jms_demo_2.JmsDemo2ApplicationTests] from class [org.springframework.boot.test.context.SpringBootTestContextBootstrapper]
00:10:41.227 [main] INFO org.springframework.boot.test.context.SpringBootTestContextBootstrapper - Neither @ContextConfiguration nor @ContextHierarchy found for test class [com.example.jms_demo_2.JmsDemo2ApplicationTests], using SpringBootContextLoader
00:10:41.234 [main] DEBUG org.springframework.test.context.support.AbstractContextLoader - Did not detect default resource location for test class [com.example.jms_demo_2.JmsDemo2ApplicationTests]: class path resource [com/example/jms_demo_2/JmsDemo2ApplicationTests-context.xml] does not exist
00:10:41.235 [main] DEBUG org.springframework.test.context.support.AbstractContextLoader - Did not detect default resource location for test class [com.example.jms_demo_2.JmsDemo2ApplicationTests]: class path resource [com/example/jms_demo_2/JmsDemo2ApplicationTestsContext.groovy] does not exist
00:10:41.235 [main] INFO org.springframework.test.context.support.AbstractContextLoader - Could not detect default resource locations for test class [com.example.jms_demo_2.JmsDemo2ApplicationTests]: no resource found for suffixes {-context.xml, Context.groovy}.
00:10:41.236 [main] INFO org.springframework.test.context.support.AnnotationConfigContextLoaderUtils - Could not detect default configuration classes for test class [com.example.jms_demo_2.JmsDemo2ApplicationTests]: JmsDemo2ApplicationTests does not declare any static, non-private, non-final, nested classes annotated with @Configuration.
00:10:41.318 [main] DEBUG org.springframework.test.context.support.ActiveProfilesUtils - Could not find an 'annotation declaring class' for annotation type [org.springframework.test.context.ActiveProfiles] and class [com.example.jms_demo_2.JmsDemo2ApplicationTests]
]]></system-out>
  </testcase>
</testsuite>